<?xml version="1.0" encoding="UTF-8"?>
<!-- Generated by org.testng.reporters.JUnitReportReporter -->
<testsuite skipped="0" hostname="DESKTOP-QKU1NGD" name="TestRunner.TestRunnerForTestng" tests="2" failures="0" timestamp="01 Jul 2021 11:29:23 GMT" time="68.570" errors="0">
  <testcase name="feature" time="34.770" classname="TestRunner.TestRunnerForTestng"/>
  <testcase name="feature" time="33.800" classname="TestRunner.TestRunnerForTestng"/>
</testsuite> <!-- TestRunner.TestRunnerForTestng -->
