<?xml version="1.0" encoding="UTF-8"?>
<!-- Generated by org.testng.reporters.JUnitReportReporter -->
<testsuite skipped="0" hostname="DESKTOP-QKU1NGD" name="TestRunner.TestRunnerForTestng" tests="1" failures="0" timestamp="01 Jul 2021 17:36:26 GMT" time="33.187" errors="0">
  <testcase name="feature" time="33.187" classname="TestRunner.TestRunnerForTestng"/>
</testsuite> <!-- TestRunner.TestRunnerForTestng -->
